<?xml version="1.0" encoding="UTF-8"?>
<!-- Generated by org.testng.reporters.JUnitReportReporter -->
<testsuite skipped="0" hostname="20dddad52158" name="uiTest.LogIn" tests="2" failures="0" timestamp="14 Aug 2018 09:59:30 GMT" time="5.051" errors="0">
  <testcase name="failureLogin" time="3.245" classname="uiTest.LogIn"/>
  <testcase name="successfulLogin" time="1.806" classname="uiTest.LogIn"/>
</testsuite> <!-- uiTest.LogIn -->
