<?xml version="1.0" encoding="UTF-8"?>
<!-- Generated by org.testng.reporters.JUnitReportReporter -->
<testsuite skipped="0" hostname="20dddad52158" name="uiTest.DocCategory" tests="12" failures="0" timestamp="14 Aug 2018 09:59:30 GMT" time="17.989" errors="0">
  <testcase name="login" time="5.895" classname="uiTest.DocCategory"/>
  <testcase name="correctDataWithLupa" time="0.593" classname="uiTest.DocCategory"/>
  <testcase name="correctDataWithEnterButton" time="1.430" classname="uiTest.DocCategory"/>
  <testcase name="dropdawnList" time="1.476" classname="uiTest.DocCategory"/>
  <testcase name="dataWithOneLetter" time="1.629" classname="uiTest.DocCategory"/>
  <testcase name="dataWithTwoLetter" time="0.807" classname="uiTest.DocCategory"/>
  <testcase name="dataWithManyLetters" time="2.140" classname="uiTest.DocCategory"/>
  <testcase name="dataWithSlashAndSpace" time="1.050" classname="uiTest.DocCategory"/>
  <testcase name="deleteData" time="0.849" classname="uiTest.DocCategory"/>
  <testcase name="spaceData" time="0.627" classname="uiTest.DocCategory"/>
  <testcase name="subcategories" time="0.686" classname="uiTest.DocCategory"/>
  <testcase name="categoryWithOutSubCat" time="0.807" classname="uiTest.DocCategory"/>
</testsuite> <!-- uiTest.DocCategory -->
