<?xml version="1.0" encoding="UTF-8"?>
<!-- Generated by org.testng.reporters.JUnitReportReporter -->
<testsuite skipped="4" hostname="20dddad52158" name="uiTest.Profile" tests="41" failures="0" timestamp="14 Aug 2018 09:59:30 GMT" time="26.103" errors="0">
  <testcase name="successfulLogin" time="2.759" classname="uiTest.Profile"/>
  <testcase name="toProfile" time="0.220" classname="uiTest.Profile"/>
  <testcase name="uploadAvatarGIF" time="0.934" classname="uiTest.Profile"/>
  <testcase name="uploadAvatarBMP" time="0.503" classname="uiTest.Profile"/>
  <testcase name="uploadAvatarWEBP" time="0.576" classname="uiTest.Profile"/>
  <testcase name="uploadAvatarTIFF" time="0.509" classname="uiTest.Profile"/>
  <testcase name="uploadAvatarPNG" time="0.521" classname="uiTest.Profile"/>
  <testcase name="uploadAvatarJPG" time="0.788" classname="uiTest.Profile"/>
  <testcase name="deleteAva" time="0.680" classname="uiTest.Profile"/>
  <testcase name="dimensionsAva" time="0.803" classname="uiTest.Profile"/>
  <testcase name="editUploadedPhoto" time="1.000" classname="uiTest.Profile"/>
  <testcase name="verifyName" time="0.607" classname="uiTest.Profile"/>
  <testcase name="verifyName" time="0.260" classname="uiTest.Profile"/>
  <testcase name="verifyName" time="0.203" classname="uiTest.Profile"/>
  <testcase name="verifyName" time="0.302" classname="uiTest.Profile"/>
  <testcase name="verifyName" time="0.240" classname="uiTest.Profile"/>
  <testcase name="verifySurName" time="0.265" classname="uiTest.Profile"/>
  <testcase name="verifySurName" time="0.667" classname="uiTest.Profile"/>
  <testcase name="verifySurName" time="0.257" classname="uiTest.Profile"/>
  <testcase name="verifySurName" time="0.305" classname="uiTest.Profile"/>
  <testcase name="verifySurName" time="0.497" classname="uiTest.Profile"/>
  <testcase name="verifylastName" time="0.427" classname="uiTest.Profile"/>
  <testcase name="verifylastName" time="0.246" classname="uiTest.Profile"/>
  <testcase name="verifylastName" time="0.225" classname="uiTest.Profile"/>
  <testcase name="verifylastName" time="0.242" classname="uiTest.Profile"/>
  <testcase name="verifylastName" time="0.274" classname="uiTest.Profile"/>
  <testcase name="reviewHintMessage" time="0.126" classname="uiTest.Profile"/>
  <testcase name="verifyChangePassword" time="0.657" classname="uiTest.Profile"/>
  <testcase name="verifyChangePassword" time="0.510" classname="uiTest.Profile"/>
  <testcase name="verifyChangePassword" time="0.331" classname="uiTest.Profile"/>
  <testcase name="verifyChangePassword" time="0.351" classname="uiTest.Profile"/>
  <testcase name="verifyChangePassword" time="0.828" classname="uiTest.Profile"/>
  <testcase name="verifyChangePassword" time="0.415" classname="uiTest.Profile"/>
  <testcase name="verifyChangePassword" time="0.592" classname="uiTest.Profile"/>
  <testcase name="verifyConfirmPassword" time="3.589" classname="uiTest.Profile"/>
  <testcase name="verifyConfirmPassword" time="3.660" classname="uiTest.Profile"/>
  <testcase name="changePassword" time="0.734" classname="uiTest.Profile"/>
  <testcase name="verifyEmail" classname="uiTest.Profile">
    <skipped/>
  </testcase> <!-- verifyEmail -->
  <testcase name="verifyPhoneNamber" classname="uiTest.Profile">
    <skipped/>
  </testcase> <!-- verifyPhoneNamber -->
  <testcase name="uploadAvatarSVG" classname="uiTest.Profile">
    <skipped/>
  </testcase> <!-- uploadAvatarSVG -->
  <testcase name="uploadAvatar2MB" classname="uiTest.Profile">
    <skipped/>
  </testcase> <!-- uploadAvatar2MB -->
</testsuite> <!-- uiTest.Profile -->
